
> storybook-automation@1.0.0 build-storybook
> storybook build --output-dir=/var/folders/25/8fyxx_215dj88zw739xwf8_00000gn/T/chromatic--2597-ADtCQR7HnsC4

[1mstorybook v9.0.18
[22m
info => Cleaning outputDir: [36m../../../../../var/folders/25/8fyxx_215dj88zw739xwf8_00000gn/T/chromatic--2597-ADtCQR7HnsC4[39m
info => Loading presets
info => Building manager..
info => Building preview..
[36mvite v6.3.5 [32mbuilding for production...[36m[39m
transforming...
[32m✓[39m 88 modules transformed.
rendering chunks...
computing gzip size...
[2m../../../../../var/folders/25/8fyxx_215dj88zw739xwf8_00000gn/T/chromatic--2597-ADtCQR7HnsC4/[22m[32miframe.html                               [39m[1m[2m   18.10 kB[22m[1m[22m[2m │ gzip:   5.06 kB[22m
[2m../../../../../var/folders/25/8fyxx_215dj88zw739xwf8_00000gn/T/chromatic--2597-ADtCQR7HnsC4/[22m[2massets/[22m[35mHeader-Ck-SSN7O.css                [39m[1m[2m    0.51 kB[22m[1m[22m[2m │ gzip:   0.30 kB[22m
[2m../../../../../var/folders/25/8fyxx_215dj88zw739xwf8_00000gn/T/chromatic--2597-ADtCQR7HnsC4/[22m[2massets/[22m[35mButton-BefRYlLX.css                [39m[1m[2m    0.84 kB[22m[1m[22m[2m │ gzip:   0.40 kB[22m
[2m../../../../../var/folders/25/8fyxx_215dj88zw739xwf8_00000gn/T/chromatic--2597-ADtCQR7HnsC4/[22m[2massets/[22m[35mPage-CeeQJVdd.css                  [39m[1m[2m    0.91 kB[22m[1m[22m[2m │ gzip:   0.39 kB[22m
[2m../../../../../var/folders/25/8fyxx_215dj88zw739xwf8_00000gn/T/chromatic--2597-ADtCQR7HnsC4/[22m[2massets/[22m[36mindex-ClyYQMrs.js                  [39m[1m[2m    0.42 kB[22m[1m[22m[2m │ gzip:   0.27 kB[22m
[2m../../../../../var/folders/25/8fyxx_215dj88zw739xwf8_00000gn/T/chromatic--2597-ADtCQR7HnsC4/[22m[2massets/[22m[36mHeader.stories-DXIIl7rZ.js         [39m[1m[2m    0.85 kB[22m[1m[22m[2m │ gzip:   0.46 kB[22m
[2m../../../../../var/folders/25/8fyxx_215dj88zw739xwf8_00000gn/T/chromatic--2597-ADtCQR7HnsC4/[22m[2massets/[22m[36mHeader-9EH-a8Tc.js                 [39m[1m[2m    3.07 kB[22m[1m[22m[2m │ gzip:   1.32 kB[22m
[2m../../../../../var/folders/25/8fyxx_215dj88zw739xwf8_00000gn/T/chromatic--2597-ADtCQR7HnsC4/[22m[2massets/[22m[36mPage.stories-BY89Oexi.js           [39m[1m[2m    3.60 kB[22m[1m[22m[2m │ gzip:   1.53 kB[22m
[2m../../../../../var/folders/25/8fyxx_215dj88zw739xwf8_00000gn/T/chromatic--2597-ADtCQR7HnsC4/[22m[2massets/[22m[36mButton.stories-Bc8ZZ7JB.js         [39m[1m[2m    5.17 kB[22m[1m[22m[2m │ gzip:   1.23 kB[22m
[2m../../../../../var/folders/25/8fyxx_215dj88zw739xwf8_00000gn/T/chromatic--2597-ADtCQR7HnsC4/[22m[2massets/[22m[36mColor-AVL7NMMY-BV2DWQNT.js         [39m[1m[2m   29.35 kB[22m[1m[22m[2m │ gzip:  11.04 kB[22m
[2m../../../../../var/folders/25/8fyxx_215dj88zw739xwf8_00000gn/T/chromatic--2597-ADtCQR7HnsC4/[22m[2massets/[22m[36mmatchers-7Z3WT2CE-T3xScrR7.js      [39m[1m[2m   29.81 kB[22m[1m[22m[2m │ gzip:  10.30 kB[22m
[2m../../../../../var/folders/25/8fyxx_215dj88zw739xwf8_00000gn/T/chromatic--2597-ADtCQR7HnsC4/[22m[2massets/[22m[36mreact-18-BWSkbY6Y.js               [39m[1m[2m  178.53 kB[22m[1m[22m[2m │ gzip:  56.32 kB[22m
[2m../../../../../var/folders/25/8fyxx_215dj88zw739xwf8_00000gn/T/chromatic--2597-ADtCQR7HnsC4/[22m[2massets/[22m[36mDocsRenderer-PQXLIZUC-DX_4_GmG.js  [39m[1m[33m  531.77 kB[39m[22m[2m │ gzip: 173.70 kB[22m
[2m../../../../../var/folders/25/8fyxx_215dj88zw739xwf8_00000gn/T/chromatic--2597-ADtCQR7HnsC4/[22m[2massets/[22m[36maxe-7Cr5Br-7.js                    [39m[1m[33m  572.53 kB[39m[22m[2m │ gzip: 158.06 kB[22m
[2m../../../../../var/folders/25/8fyxx_215dj88zw739xwf8_00000gn/T/chromatic--2597-ADtCQR7HnsC4/[22m[2massets/[22m[36mButton-C5TGm5cG.js                 [39m[1m[33m1,287.86 kB[39m[22m[2m │ gzip: 426.35 kB[22m
[2m../../../../../var/folders/25/8fyxx_215dj88zw739xwf8_00000gn/T/chromatic--2597-ADtCQR7HnsC4/[22m[2massets/[22m[36miframe--KhKw2pM.js                 [39m[1m[33m1,446.04 kB[39m[22m[2m │ gzip: 387.80 kB[22m
[32m✓ built in 2.87s[39m
info => Output directory: /var/folders/25/8fyxx_215dj88zw739xwf8_00000gn/T/chromatic--2597-ADtCQR7HnsC4
